<?xml version="1.0" encoding="UTF-8"?>
<!-- Generated by org.testng.reporters.JUnitXMLReporter -->
<testsuite ignored="1" hostname="DESKTOP-0A8DN9C" failures="2" tests="2" name="Default test(failed)" time="0.137" errors="0" timestamp="2024-11-13T11:34:20 IST">
  <testcase classname="TestNG.ex9_Sample2" name="TC6" time="0.033">
    <failure type="java.lang.AssertionError" message="Failed TC6: both Results are diff expected [xyz] but found [abcd]">
      <![CDATA[java.lang.AssertionError: Failed TC6: both Results are diff expected [xyz] but found [abcd]
at TestNG.ex9_Sample2.TC6(ex9_Sample2.java:24)
at java.base/java.util.ArrayList.forEach(ArrayList.java:1511)
... Removed 32 stack frames]]>
    </failure>
  </testcase> <!-- TC6 -->
  <testcase classname="TestNG.ex9_Sample2" name="TC5" time="0.003">
    <failure type="java.lang.Error" message="Unresolved compilation problem: 
	Syntax error, insert &amp;quot;;&amp;quot; to complete BlockStatements
">
      <![CDATA[java.lang.Error: Unresolved compilation problem: 
Syntax error, insert ";" to complete BlockStatements

at TestNG.ex9_Sample2.TC5(ex9_Sample2.java:15)
at java.base/java.util.ArrayList.forEach(ArrayList.java:1511)
... Removed 27 stack frames]]>
    </failure>
  </testcase> <!-- TC5 -->
  <testcase classname="TestNG.ex9_Sample2" name="TC4" time="0.0">
    <ignored/>
  </testcase> <!-- TC4 -->
</testsuite> <!-- Default test(failed) -->
